c:\users\ajipp\desktop\taskapp\x64\debug\moc_taskapp.obj
c:\users\ajipp\desktop\taskapp\x64\debug\qrc_taskapp.obj
c:\users\ajipp\desktop\taskapp\x64\debug\vc142.pdb
c:\users\ajipp\desktop\taskapp\x64\debug\main.obj
c:\users\ajipp\desktop\taskapp\x64\debug\taskapp.obj
c:\users\ajipp\desktop\taskapp\x64\debug\moc\moc_taskapp.cpp
c:\users\ajipp\desktop\taskapp\x64\debug\rcc\qrc_taskapp.cpp
c:\users\ajipp\desktop\taskapp\x64\debug\uic\ui_taskapp.h
c:\users\ajipp\desktop\taskapp\x64\debug\taskapp.pdb
c:\users\ajipp\desktop\taskapp\x64\debug\taskapp.tlog\cl.command.1.tlog
c:\users\ajipp\desktop\taskapp\x64\debug\taskapp.tlog\cl.read.1.tlog
c:\users\ajipp\desktop\taskapp\x64\debug\taskapp.tlog\cl.write.1.tlog
c:\users\ajipp\desktop\taskapp\x64\debug\taskapp.tlog\link-cvtres.read.1.tlog
c:\users\ajipp\desktop\taskapp\x64\debug\taskapp.tlog\link-cvtres.write.1.tlog
c:\users\ajipp\desktop\taskapp\x64\debug\taskapp.tlog\link-rc.read.1.tlog
c:\users\ajipp\desktop\taskapp\x64\debug\taskapp.tlog\link-rc.write.1.tlog
c:\users\ajipp\desktop\taskapp\x64\debug\taskapp.tlog\link.16616-cvtres.read.1.tlog
c:\users\ajipp\desktop\taskapp\x64\debug\taskapp.tlog\link.16616-cvtres.write.1.tlog
c:\users\ajipp\desktop\taskapp\x64\debug\taskapp.tlog\link.16616-rc.read.1.tlog
c:\users\ajipp\desktop\taskapp\x64\debug\taskapp.tlog\link.16616-rc.write.1.tlog
c:\users\ajipp\desktop\taskapp\x64\debug\taskapp.tlog\link.16616.read.1.tlog
c:\users\ajipp\desktop\taskapp\x64\debug\taskapp.tlog\link.16616.write.1.tlog
c:\users\ajipp\desktop\taskapp\x64\debug\taskapp.tlog\link.command.1.tlog
c:\users\ajipp\desktop\taskapp\x64\debug\taskapp.tlog\link.read.1.tlog
c:\users\ajipp\desktop\taskapp\x64\debug\taskapp.tlog\link.write.1.tlog
c:\users\ajipp\desktop\taskapp\x64\debug\taskapp.tlog\moc.read.1u.tlog
c:\users\ajipp\desktop\taskapp\x64\debug\taskapp.tlog\moc.write.1u.tlog
c:\users\ajipp\desktop\taskapp\x64\debug\taskapp.tlog\rcc.read.1u.tlog
c:\users\ajipp\desktop\taskapp\x64\debug\taskapp.tlog\rcc.write.1u.tlog
c:\users\ajipp\desktop\taskapp\x64\debug\taskapp.tlog\taskapp.write.1u.tlog
c:\users\ajipp\desktop\taskapp\x64\debug\taskapp.tlog\uic.read.1u.tlog
c:\users\ajipp\desktop\taskapp\x64\debug\taskapp.tlog\uic.write.1u.tlog
